   13  pwd
   14  ls
   15  mkdir temp
   16  /etc/group
   17  chmod u-x temp
   18  pwd
   19  /home/jose/A1/temp
   20  cd /home/jose/A1/temp
   21  ls
   22  ls -l
   23  ls -lht
   24  cat a1.txt
   25  ls
   26  more a1.txt 
   27  cat a1.txt
   28  pwd
   29  > /home/jose/A1/temp/tempfile.txt
   30  touch tempfile.txt
   31  mv tempfile.txt /home/jose/A1/temp
   32  mkdir temp2
   33  ls
   34  ls
   35  pwd
   36  cd /home/jose/A1
   37  pwd
   38  ls
   39  script a1.txt
   40  cat a1.txt
   41  cat a1.txt 
   42  more a1.txt 
   43  cat a1.txt 
   44  pwd
   45  vi a1.txt
   46  cat a1.txt 
   47  tail a1.txt
   48  script a1.txxt
   49  script a1.txt
   50  rm a1.txxt
   51  ls
   52  mkdir temp3
   53  mv temp2 temp3
   54  ls
   55  cd temp3
   56  ls
   57  cp -R temp2
   58  cp -R temp2 A1
   59  ls
   60  cd A1
   61  ls
   62  pwd
   63  cd ..
   64  pwd
   65  ls
   66  cd A1
   67  ls
   68  script a1.txt
   69  pwd
   70  ls
   71  cd temp3
   72  ls
   73  cd A1
   74  ls
   75  cd temp3
   76  cd ..
   77  ls
   78  pwd
   79  rm A1
   80  rmdir A1
   81  ls
   82  cp -R temp2 /home/jose/A1
   83  cd A1
   84  cd ..
   85  ls
   86  pwd
   87  ls
   88  cd temp3
   89  ls
   90  cp -R temp2 /home/jose/A1/temp3
   91  cd /proc/
   92  ls
   93  cd meminfo
   94  head meminfo
   95  head cpuinfo
   96  tail cpuinfo
   97  cat cpuinfo
   98  cd /home/jose/A1/
   99  ls
  100  pwd
  101  cd /proc/
  102  ls
  103  cd /home/test/
  104  ls
  105  cd /home/test/A1
  106  ls
  107  cp /home/test/A1/downloaded_hashtags_extend.csv /home/jose/A1
  108  cd /home/jose/A1
  109  ls
  110  ls -l downloaded_hashtags_extend.csv 
  111  wc -l downloaded_hashtags_extend.csv 
  112  grep -i "great" downloaded_hashtags_extend.csv
  113  grep -i "great" downloaded_hashtags_extend.csv | wc
  114  head downloaded_hashtags_extend.csv 
  115  tail downloaded_hashtags_extend.csv 
  116  file downloaded_hashtags_extend.csv 
  117  iconv -f utf-8 -t ascii downloaded_hashtags_extend.csv
  118  iconv -f UTF-8 -t ascii downloaded_hashtags_extend.csv
  119  iconv -f UTF-8 -t ascii downloaded_hashtags_extend.csv//TRANSLIT
  120  iconv -f UTF-8 -t ascii//TRANSLIT downloaded_hashtags_extend.csv
  121  head downloaded_hashtags_extend.csv 
  122  ls
  123  cat downloaded_hashtags_extend.csv | cut -d \, -f 1 |uniq -c
  124  cat downloaded_hashtags_extend.csv | cut -d \, -f 1 | uniq -c | wc
  125  cat downloaded_hashtags_extend.csv | cut -d \, -f 1 | uniq -c | wc -l
  126  cat downloaded_hashtags_extend.csv | cut -d \, -f 1 | uniq | wc -l
  127  cut -d \, -f 1 downloaded_hashtags_extend.csv  | uniq | wc -l
  128  cut -d \, -f 4 downloaded_hashtags_extend.csv  | uniq | wc -l
  129  cut -d \, -f 2 downloaded_hashtags_extend.csv  | uniq | wc -l
  130  ls
  131  cd A1
  132  ls
  133   grep -i "great" downloaded_hashtags_extend.csv 
  134   grep -i "great" downloaded_hashtags_extend.csv -wc
  135   grep -i "great" downloaded_hashtags_extend.csv | -wc
  136  script a1.txt
  137  ls
  138  git init
  139  vi a1.txt
  140  ls
  141  vi a1.txt
  142  ls
  143  cat a1.txt
  144  ls
  145  vi A1.txt
  146  ls
  147  vi a1.txt
  148  ls
  149  cd A1
  150  ls
  151  vi a1.txt
  152  ls
  153  vi a1.new.txt
  154  cat a1.new.txt
  155  ls
  156  vi a1.new.txt 
  157  cat a1.new.txt
  158  ls
  159  git init
  160  git add a1.new.txt
  161  git status
  162  git commit -m "Assignment #1"
  163  git status
  164  git remote add origin https://github.com/joseh510/a1
  165  git push -u origin master
  166  head amazon_reviews_us_Books_v1_02.tsv 
  167  sort -n -k 2 amazon_reviews_us_Books_v1_02.tsv 
  168  sort -n -k 2 amazon_reviews_us_Books_v1_02.tsv | head -n 10
  169  sort -n -k 2 amazon_reviews_us_Books_v1_02.tsv | head -n 3
  170  sort -k 2n amazon_reviews_us_Books_v1_02.tsv | head -n 10
  171  cut -d \t, -f 2 amazon_reviews_us_Books_v1_02.tsv | uniq -c | sort | head -n 10
  172  cut -d \t -f 2 amazon_reviews_us_Books_v1_02.tsv | uniq -c | sort | head -n 10
  173  cut -d \ -f 2 amazon_reviews_us_Books_v1_02.tsv | uniq -c | sort | head -n 10
  174  cut -d \	 -f 2 amazon_reviews_us_Books_v1_02.tsv | uniq -c | sort | head -n 10
  175  head -n 7 amazon_reviews_us_Books_v1_02.tsv 
  176  cut -d \	 -f 2 amazon_reviews_us_Books_v1_02.tsv | uniq -c | sort -n | head -n 10
  177  cut -d \	 -f 2 amazon_reviews_us_Books_v1_02.tsv | uniq -c | sort -n | tail -n 10
  178  grep "52948753" amazon_reviews_us_Books_v1_02.tsv | wc -l
  179  grep "52948753" amazon_reviews_us_Books_v1_02.tsv
  180  cut -d \	 -f 2 amazon_reviews_us_Books_v1_02.tsv | uniq -c | sort -n | tail -n 20
  181  cut -d \	 -f 2 amazon_reviews_us_Books_v1_02.tsv | sort -n | uniq -c | head -n 20
  182  sort -k 2n amazon_reviews_us_Books_v1_02.tsv | cut -d \  -f 2  | uniq |head -n 20
  183  sort -k 2n amazon_reviews_us_Books_v1_02.tsv | uniq -c |head -n 20
  184  awk -F '\t' '2' amazon_reviews_us_Books_v1_02.tsv | sort | uniq -c
  185  cut -d \	 -f 2 amazon_reviews_us_Books_v1_02.tsv | uniq -c | sort -n | tail -n 40
  186  cut -d \	 -f 2 amazon_reviews_us_Books_v1_02.tsv | sort -u |uniq -c | tail -n 40
  187  cut -d \	 -f 2 amazon_reviews_us_Books_v1_02.tsv | sort -u |uniq -c | head -n 40
  188  cut -d \	 -f 2 amazon_reviews_us_Books_v1_02.tsv | uniq-c | sort -u | head -n 40
  189  cut -d \	 -f 2 amazon_reviews_us_Books_v1_02.tsv | uniq -c | sort -u | head -n 40
  190  cut -d \	 -f 2 amazon_reviews_us_Books_v1_02.tsv | uniq -c | sort -u | tail -n 40
  191  cut -d \	 -f 2 amazon_reviews_us_Books_v1_02.tsv | uniq -c | sort -n | tail -n 40
  192  ls
  193  history > cmds.log
  194  ls
  195  script ws3.txt
  196  cut -d \ -f 2 amazon_reviews_us_Books_v1_02.tsv | sort -n | uniq -c | sort -n | tail -50
  197  cut -d \	 -f 2 amazon_reviews_us_Books_v1_02.tsv | sort -n | uniq -c | sort -n | tail -50
  198  cut -d \	 -f 6 amazon_reviews_us_Books_v1_02.tsv | sort -n | uniq -c | sort -n | tail -50
  199  history >> cmds.log
  200  ls
  201  cut -d \	 -f 2 amazon_reviews_us_Books_v1_02.tsv | sort -n | uniq -c | tail -40
  202   cut -d \	 -f 2 amazon_reviews_us_Books_v1_02.tsv | sort -n | uniq -c | sort -n | tail -50
  203  ls
  204  script ws3.txt
  205  git init
  206  git add ws3.txt
  207  git add cmds.log
  208  git status
  209  git commit -m "worksheet3 files"
  210  git status
  211  git remote add origin https://github.com/joseh510/worksheet3
  212  git remote add origin https://github.com/joseh510/worksheet3.git
  213  git push -u origin master
  214  git add ws3.txt
  215  ls
  216  git add cmds.log
  217  git commit -m "worksheet3 files"
  218  git status
  219  git remote add origin https://github.com/joseh510/worksheet3.git
  220  git remote
  221  git remote -v
  222  git remote set-url origin https://github.com/joseh510.git
  223  git remote -v
  224  git remote add origin https://github.com/joseh510/worksheet3.git
  225  git remote set-url origin https://github.com/joseh510/worksheet3.git
  226  git status
  227  git push -u origin master
  228  ls
  229  vit ws3.txt
  230  vi ws3.txt
  231  git init
  232  git status
  233  git add ws3.txt 
  234  git status
  235  git commit -m "correct ws3.txt file"
  236  git remote add origin https://github.com/joseh510/worksheet3.git
  237  git remote
  238  git remote -v
  239  git push -u origin master
  240  cp ws3.txt correct_ws3.txt
  241  ls
  242  cat correct_ws3.txt 
  243  git add correct_ws3.txt 
  244  git commit -m "correct ws3"
  245  git push -u origin master
  246  git remote
  247  git pull -u origin master
  248  git pull origin master
  249  git push -u -f origin master
  250  ls -a
  251  ls
  252  head downloaded_tweets_extend_original_nolf.txt 
  253  cut -d \, -f 6 downloaded_tweets_extend_original_nolf.txt | sort -n | uniq -c | sort -n | tail -50
  254  cut -d \, -f 6 downloaded_tweets_extend_original_nolf.txt | sort -n | uniq -c | sort -n | tail
  255  cat downloaded_tweets_extend_original_nolf.txt | cut -d \, -f 6 | sort -n | uniq -c | sort -n
  256   cut -d \, -f 6 downloaded_tweets_extend_original_nolf.txt | sort -n | uniq -c | sort -n
  257  head  downloaded_tweets_extend_original_nolf.txt
  258   cut -d \, -f 5 downloaded_tweets_extend_original_nolf.txt | head -20
  259   cut -d \ -f 5 downloaded_tweets_extend_original_nolf.txt | head -20
  260  cut --help
  261   cut -d \	 -f 5 downloaded_tweets_extend_original_nolf.txt | head -20
  262   cut -d \	 -f 6 downloaded_tweets_extend_original_nolf.txt | head -20
  263   cut -d \	 -f 5 downloaded_tweets_extend_original_nolf.txt | head -20
  264   cut -d \	 -f 5 downloaded_tweets_extend_original_nolf.txt | cut -d \        -f 2 | head -20
  265   cut -d \	 -f 5 downloaded_tweets_extend_original_nolf.txt | cut -d \        -f 2 | cut -c 4- | head -20
  266   cut -d \	 -f 5 downloaded_tweets_extend_original_nolf.txt | cut -d \        -f 2 | cut -c 4- | sort -n | uniq -c | sort -n | tail -50
  267   cut -d \	 -f 6 downloaded_tweets_extend_original_nolf.txt | head -20
  268   cut -d \	 -f 2 downloaded_tweets_extend_original_nolf.txt | head -20
  269   cut -d \	 -f 2 downloaded_tweets_extend_original_nolf.txt | sort -n | uniq -c | sort -n | tail -50
  270   cut -d \	 -f 6 downloaded_tweets_extend_original_nolf.txt | sort -n | uniq -c | sort -n | tail -50
  271  ls
  272  head downloaded_tweets_extend_nolf.txt 
  273  cut -d \-f 2 downloaded_tweets_extend_nolf.txt | sort -n | uniq-c | sort -n | tail -50
  274  ls
  275  mkdir A2
  276  ls
  277  cd A1
  278  ls
  279  cp downloaded_hashtags_extend.csv /home/jose/A2
  280  pwd
  281  cd /home/jose/A2/
  282  ls
  283  cd /home/
  284  ls
  285  cd test
  286  ls
  287  cd test2
  288  ls
  289  cd /home/test/A1
  290  ls
  291  cp downloaded_tweets_extend_original_nolf.txt /home/jose/A2
  292  cp downloaded_tweets_extend_nolf.txt /home/jose/A2
  293  cd /home/jose/A2
  294  ls
  295  pwd
  296  git init
  297  script a2.txt
  298  cut -d \          -f 2 downloaded_tweets_extend_nolf.txt | sort -n | uniq -c | sort -n | tail -50
  299  cut -d \	  -f 2 downloaded_tweets_extend_nolf.txt | sort -n | uniq -c | sort -n | tail -50
  300  ls
  301  cd A2
  302  ls
  303  head downloaded_tweets_extend_nolf.txt 
  304  ls
  305  ls
  306  cd A2
  307  ls
  308  head downloaded_tweets_extend_nolf.txt 
  309  cut -d \        -f 2 downloaded_tweets_extend_nolf.txt | sort -n | uniq -c | sort -n | tail -50
  310  cut -d \	  -f 2 downloaded_tweets_extend_nolf.txt | sort -n | uniq -c | sort -n | tail -50
  311  script a2.txt
  312  head downloaded_tweets_extend_nolf.txt 
  313  cut -d \	-f 4 downloaded_tweets_extend_nolf.txt | sort -n | uniq -c | sort -n | tail -50
  314  cut -d\	-f 4 downloaded_tweets_extend_nolf.txt | sort -n | uniq -c | sort -n | tail -50
  315  cut -d\		-f 4 downloaded_tweets_extend_nolf.txt | sort -n | uniq -c | sort -n | tail -50
  316  cut -d\		-f 4 downloaded_tweets_extend_nolf.txt | sort | head -n 50
  317  cut -d\		-f 4 downloaded_tweets_extend_nolf.txt | head -n 50
  318  cut -d\		-f 4 downloaded_tweets_extend_nolf.txt | sort | tail -50
  319  od -a downloaded_tweets_extend_nolf.txt 
  320  cut -d\		-f 4 downloaded_tweets_extend_nolf.txt | sort | tail -50
  321  head -n 1 downloaded_tweets_extend_nolf.txt 
  322  cut -d\		-f 4 downloaded_tweets_extend_nolf.txt | sort | uniq -c | sort | tail -50
  323  cut -d\		-f 4 downloaded_tweets_extend_nolf.txt | sort | uniq -c | sort -n | tail -50
  324  head -n 1 downloaded_tweets_extend_nolf.txt 
  325  cut -d\		-f 4 downloaded_tweets_extend_nolf.txt | sort | uniq -c | sort -n | tail -31
  326  head -n 20 downloaded_tweets_extend_nolf.txt 
  327  cut -d\		-f 6 downloaded_tweets_extend_nolf.txt | tail -50
  328  cut -d\		-f 6 downloaded_tweets_extend_nolf.txt | head -n 30
  329  ls
  330  head -n 1 downloaded_tweets_extend_nolf.txt 
  331  cut -d\		-f 1, 4  downloaded_tweets_extend_nolf.txt | sort | uniq -c | sort -n | tail -31
  332  cut -d\		-f 2  downloaded_tweets_extend_nolf.txt | sort | uniq -c | sort -n | tail -31
  333  cut -d\		-f 1  downloaded_tweets_extend_nolf.txt | sort | uniq -c | sort -n | tail -31
  334  cut -d\		-f 2  downloaded_tweets_extend_nolf.txt | sort | uniq -c | sort -n | tail -30 > most_retweeters.txt
  335  grep -o -f most_retweeters.txt downloaded_tweets_extend_nolf.txt 
  336  grep -o -f most_retweeters.txt downloaded_tweets_extend_nolf.txt | tail -50
  337  cat grep -o -f most_retweeters.txt downloaded_tweets_extend_nolf.txt
  338  head -n 1 downloaded_tweets_extend_nolf.txt 
  339  cat most_retweeters.txt 
  340  frep -f most_retweeters.txt downloaded_tweets_extend_nolf.txt 
  341  fgrep -f most_retweeters.txt downloaded_tweets_extend_nolf.txt 
  342  ls
  343  cd A2
  344  ls
  345  script a2.txt
  346  ls
  347  cd A2
  348  ls
  349  script a2.txt
  350  cd /home
  351  ls
  352  cd /home/test/A1
  353  ls
  354  cp downloaded_tweets_extend_nolf2.tsv /home/jose/A2
  355  cp downloaded_tweets_extend_original_nolf2.tsv /home/jose/A2
  356  cd /home/jose/A2
  357  ls
  358  rm downloaded_tweets_extend_nolf.txt
  359  rm downloaded_tweets_extend_original_nolf.txt
  360  ls
  361  rm most_retweeters.txt 
  362  ls
  363  awk -F"\t" '($2 != $6) {print $0}' downloaded_tweets_extend_original_nolf2.tsv > downloaded_tweets_extend_original_nolf2_NOBOT.tsv
  364  awk -F"\t" '($2 != $6) {print $0}' downloaded_tweets_extend_nolf2.tsv > downloaded_tweets_extend_nolf2_NOBOT.tsv
  365  ls
  366  head downloaded_tweets_extend_original_nolf2_NOBOT.tsv 
  367  cut -d\ 	-f 2  downloaded_tweets_extend_original_nolf2_NOBOT.tsv | sort -n | uniq -c | sort -n | tail -50
  368  cut -f 2  downloaded_tweets_extend_original_nolf2_NOBOT.tsv | sort -n | uniq -c | sort -n | tail -50
  369  cut -f 4  downloaded_tweets_extend_original_nolf2_NOBOT.tsv | sort -n | uniq -c | sort -n | tail -50
  370  cut -f 6  downloaded_tweets_extend_original_nolf2_NOBOT.tsv | sort -n | uniq -c | sort -n | tail -50
  371  head downloaded_tweets_extend_original_nolf2_NOBOT.tsv 
  372  cut -f 2  downloaded_tweets_extend_nolf2_NOBOT.tsv | sort -n | uniq -c | sort -n | tail -50
  373  cut -f 4  downloaded_tweets_extend_nolf2_NOBOT.tsv | sort | uniq -c | sort -n | tail -50
  374  cut -f 4  downloaded_tweets_extend_nolf2_NOBOT.tsv | sort | uniq -c | sort -n | tail -31
  375  head -n 1 downloaded_tweets_extend_nolf2_NOBOT.tsv
  376  cut -f downloaded_tweets_extend_nolf2_NOBOT.tsv | head -n 10
  377  cut -f 5 downloaded_tweets_extend_nolf2_NOBOT.tsv | head -n 10
  378  grep "[<ReferencedTweet" downloaded_tweets_extend_nolf2_NOBOT.tsv | head -n 10
  379  grep "type=retweeted" downloaded_tweets_extend_nolf2_NOBOT.tsv | head -n 10
  380  grep "type=retweeted" downloaded_tweets_extend_nolf2_NOBOT.tsv | cut -f 5 | head -n 10
  381  grep "type=retweeted" downloaded_tweets_extend_nolf2_NOBOT.tsv | head -n 10
  382  grep "type=retweeted" downloaded_tweets_extend_nolf2_NOBOT.tsv | cut -f 4 | tr '[:upper:]' '[:lower:]' | tr ',' '\n' > hashtags_o
  383  ls
  384  vi hashtags_only.tsv 
  385  sort hashtags_only.tsv | uniq -c | sort | tail -50
  386  head hashtags_only.tsv 
  387  sort hashtags_only.tsv | uniq -c | sort -n | tail -50
  388  sort hashtags_only.tsv | uniq -c | sort -n | tail -31
  389  head -n 1 downloaded_tweets_extend_nolf2_NOBOT.tsv 
  390  cut -f 6 downloaded_tweets_extend_nolf2_NOBOT.tsv | head -n 10
  391  cut -f 6 downloaded_tweets_extend_nolf2_NOBOT.tsv | tail -50
  392  head -n 1 downloaded_tweets_extend_nolf2_NOBOT.tsv 
  393  cut -f 6 downloaded_tweets_extend_nolf2_NOBOT.tsv | head -n 10
  394  sort -t "\t"  -k 6,6n downloaded_tweets_extend_nolf2_NOBOT.tsv | tail -50 
  395  sort -t  -k 6,6n downloaded_tweets_extend_nolf2_NOBOT.tsv | tail -50 
  396  sort -t -k 6,6n downloaded_tweets_extend_nolf2_NOBOT.tsv | tail -50 
  397  sort -t : -k 6,6n downloaded_tweets_extend_nolf2_NOBOT.tsv | tail -50 
  398  sort -t : -k 6,6n downloaded_tweets_extend_nolf2_NOBOT.tsv | cut -f 6 |  tail -50 
  399  sort -t : -k 6,6n downloaded_tweets_extend_nolf2_NOBOT.tsv | cut -f 6 |  head -n -50 
  400  sort -k 6,6n downloaded_tweets_extend_nolf2_NOBOT.tsv | cut -f 6 |  head -n -50 
  401  sort -k 6,6n downloaded_tweets_extend_nolf2_NOBOT.tsv | cut -f 6 |  tail -50
  402  sort -k 6,6n downloaded_tweets_extend_nolf2_NOBOT.tsv | cut -f 6 | head
  403  head -n 1 downloaded_tweets_extend_nolf2_NOBOT.tsv 
  404  sort -k 6,6n downloaded_tweets_extend_nolf2_NOBOT.tsv | cut -f 6 | sort -n | uniq -c | sort -n| > reply_ids.tsv
  405  vi replyids.tsv
  406  rm replyids.tsv
  407  cut -f 6 downloaded_tweets_extend_nolf2_NOBOT.tsv | sort -n | uniq -c | sort -n > sorted_in_reply_to_user_id.tsv
  408  vi sorted_in_reply_to_user_id.tsv 
  409  fgrep -f sorted_in_reply_to_user_id.tsv downloaded_tweets_extend_nolf2_NOBOT.tsv | cut -f 4 | sort | uniq -c | sort -n | tail -30
  410  cut -f 2 sorted_in_reply_to_user_id.tsv > only_reply_ids.tsv
  411  fgrep -f only_reply_ids.tsv  downloaded_tweets_extend_nolf2_NOBOT.tsv | cut -f 4 | sort | uniq -c | sort -n | tail -30
  412  ls
  413  grep -f only_reply_ids.tsv  downloaded_tweets_extend_nolf2_NOBOT.tsv | cut -f 4 | sort | uniq -c | sort -n | tail -30
  414  ls
  415  cut -f 6 downloaded_tweets_extend_nolf2_NOBOT.tsv | head -100
  416  ls
  417  fgrep -f only_reply_ids.tsv downloaded_tweets_extend_nolf2_NOBOT.tsv 
  418  vi only_reply_ids.tsv 
  419  vi sorted_in_reply_to_user_id.tsv 
  420  head -n 1 downloaded_tweets_extend_nolf2_NOBOT.tsv 
  421  head downloaded_tweets_extend_nolf2_NOBOT.tsv 
  422  cut -f 8 downloaded_tweets_extend_nolf2_NOBOT.tsv head -n 50
  423  head -n 1 downloaded_tweets_extend_nolf2_NOBOT.tsv 
  424  head downloaded_tweets_extend_nolf2_NOBOT.tsv 
  425  mkdir CUSTOMERS
  426  mkdir PRODUCTS
  427  ls
  428  head amazon_reviews_us_Books_v1_02.tsv 
  429  cut -f 2 | head -n 10
  430  cut -f 2 amazon_reviews_us_Books_v1_02.tsv | head -n 10
  431  egrep "12257412" amazon_reviews_us_Books_v1_02.tsv | cut -f 9 > /CUSTOMERS/customerID.txt
  432  ls
  433  egrep "12257412" amazon_reviews_us_Books_v1_02.tsv | cut -f 9 > /ws4/CUSTOMERS/customerID.txt
  434  pwd
  435  egrep "12257412" amazon_reviews_us_Books_v1_02.tsv | cut -f 9 > /home/jose/ws4/CUSTOMERS/customerID.txt
  436  ls
  437  cd CUSTOMERS/
  438  ls
  439  vi customerID.txt 
  440  egrep "12257412" amazon_reviews_us_Books_v1_02.tsv | cut -f 9 | head -n 10
  441  pwd
  442  cd..
  443  cd ..
  444  pwd
  445  egrep "12257412" amazon_reviews_us_Books_v1_02.tsv | cut -f 9 | head -n 10
  446  egrep "12257412" amazon_reviews_us_Books_v1_02.tsv | head -n 10
  447  head -n 1 amazon_reviews_us_Books_v1_02.tsv 
  448  egrep "12703090" amazon_reviews_us_Books_v1_02.tsv | cut -f 9 >> /home/jose/ws4/CUSTOMERS/customerID.txt
  449  egrep "12076615" amazon_reviews_us_Books_v1_02.tsv | cut -f 9 >> /home/jose/ws4/CUSTOMERS/customerID.txt
  450  egrep "12257412" amazon_reviews_us_Books_v1_02.tsv | cut -f 9 > /home/jose/ws4/CUSTOMERS/12257412.txt
  451  egrep "12076615" amazon_reviews_us_Books_v1_02.tsv | cut -f 9 >> /home/jose/ws4/CUSTOMERS/12076615.txt
  452  cut -4 amazon_reviews_us_Books_v1_02.tsv | head -n 10
  453  cut -f 4 amazon_reviews_us_Books_v1_02.tsv | head -n 10
  454  cut -f 4 amazon_reviews_us_Books_v1_02.tsv | head -n 6
  455  cut -f 4 amazon_reviews_us_Books_v1_02.tsv | head -n 7
  456  egrep "0316769487" amazon_reviews_us_Books_v1_02.tsv | cut -f 9 > /home/jose/ws4/PRODUCTS/0316769487.txt
  457  egrep "0262181533" amazon_reviews_us_Books_v1_02.tsv | cut -f 9 > /home/jose/ws4/PRODUCTS/0262181533.txt
  458  egrep "0373836635" amazon_reviews_us_Books_v1_02.tsv | cut -f 9 > /home/jose/ws4/PRODUCTS/0373836635.txt
  459  ls
  460  cd CUSTOMERS/
  461  ls
  462  egrep "12703090" amazon_reviews_us_Books_v1_02.tsv | cut -f 9 >> /home/jose/ws4/CUSTOMERS/12703090.txt
  463  cd ..
  464  egrep "12703090" amazon_reviews_us_Books_v1_02.tsv | cut -f 9 > /home/jose/ws4/CUSTOMERS/12703090.txt
  465  ls
  466  cd CUSTOMERS/
  467  ls
  468  sum=$(awk '{print $2}' file.txt | paste -sd+ | bc); echo "$sum / $(cat 12076615.txt | wc -l)" | bc -l
  469  sum=$(awk '{print $2}' 12076615.txt | paste -sd+ | bc); echo "$sum / $(cat 12076615.txt | wc -l)" | bc -l
  470  awk '{ total += $2 } END { print total/NR }' 12076615.txt
  471  ls
  472  awk '{ total += $2 } END { print total/NR }' 12257412.txt
  473  awk '{ total += $2 } END { print total/NR }' 12703090.txt
  474  vi 12703090.txt 
  475  awk '{ total += $1 } END { print total/NR }' 12076615.txt
  476  awk '{ total += $1 } END { print total/NR }' 12257412.txt
  477  awk '{ total += $1 } END { print total/NR }' 12703090.txt
  478  cd ..
  479  cd PRODUCTS/
  480  ls
  481  awk '{ total += $1 } END { print total/NR }' 0262181533.txt
  482  awk '{ total += $1 } END { print total/NR }' 0316769487.txt
  483  awk '{ total += $1 } END { print total/NR }' 0373836635.txt
  484  cd ..
  485  ls
  486  pwd
  487  history > cmds.log
  488  touch README.txt
  489  vi README.txt 
  490  ls
  491  grep "replied_to" downloaded_tweets_extend_nolf2_NOBOT.tsv | cut -f 4 | tr '[:upper:]' '[:lower:]' | tr ',' '\n' > Q7_hashtags.tsv
  492  sort Q7_hashtags.tsv | uniq -c | sort -n | tail -31
  493  sort Q7_hashtags.tsv | uniq -c | sort -n | tail -30
  494  ls
  495  vi Q7_hashtags.tsv 
  496  sort Q7_hashtags.tsv | uniq -c | sort -n | tail -31
  497  sort Q7_hashtags.tsv | uniq -c | sort -n | tail -30
  498  ls
  499  head -n 1downloaded_tweets_extend_nolf2_NOBOT.tsv
  500  head -n 1 downloaded_tweets_extend_nolf2_NOBOT.tsv
  501  cut -f 4 downloaded_tweets_extend_nolf2_NOBOT.tsv | sort > Q8_hashtags.tsv
  502  ls
  503  vim Q8_hashtags.tsv 
  504  cut -f 4 downloaded_tweets_extend_nolf2_NOBOT.tsv | tr '[:upper:]' '[:lower:]' | tr ',' '\n' > Q8_hashtags.tsv
  505  vim Q8_hashtags.tsv 
  506  sort Q8_hashtags.tsv | uniq -c | sort -n | tail -31
  507  sort Q8_hashtags.tsv | uniq -c | sort -n | tail -30
  508  cut -f 4 downloaded_tweets_extend_nolf2_NOBOT.tsv | tr '[:upper:]' '[:lower:]' | tr ',' '\n' > Q8_hashtags.tsv
  509  ls
  510  cut -f 4 downloaded_tweets_extend_nolf2_NOBOT.tsv | tr '[:upper:]' '[:lower:]' | tr ',' '\n' > Q5_hashtags.ts
  511  vi Q5_hashtags.tsv 
  512  sort Q5_hashtags.tsv | uniq -c | sort -n | tail -31
  513  ls
  514  mkdir ws4
  515  git init
  516  cd ws4
  517  git init
  518  ls
  519  cd
  520  alias l = 'ls -latr'
  521  ~/.bash_profile
  522  vi ~/.bashrc
  523  cd
  524  pwd
  525  mv amazon_reviews_us_Books_v1_02.tsv ws4
  526  ls
  527  cd ws4
  528  ls
  529  script ws4.txt
  530  git init
  531  ls
  532  git add README.txt 
  533  git add cmds.log 
  534  git add ws4.txt 
  535  git commit -m "worksheet4 files"
  536  git branch
  537  git remote add origin https://github.com/joseh510/worksheet4.git
  538  git push -u origin master
  539  ls
  540  cd ..
  541  ls
  542  cd A2
  543  script a2.txt
  544  vi a2.txt 
  545  script a2.txt
  546  vi a2.txt
  547  ls
  548  pwd
  549  git init
  550  git add a2.txt
  551  git commit -m "assignment 2"
  552  git remote add origin https://github.com/joseh510/a2.git
  553  git push -u origin master
  554  ls
  555  mkdir A3
  556  ls
  557  cd A3
  558  ls
  559  cd A3
  560  ls
  561  scrip a3.txt
  562  script a3.txt
  563  tmux new-session -s homework
  564  l
  565  ls
  566  pwd
  567  cd /home/
  568  ls
  569  cd /home/test/
  570  cd /home/jose/A2
  571  ls
  572  cp downloaded_tweets_extend_nolf2_NOBOT.tsv /home/jose/A3/
  573  cp downloaded_tweets_extend_original_nolf2_NOBOT.tsv /home/jose/A3/
  574  cd /home/jose/A3/
  575  ls
  576  script a3.txt
  577  ls
  578  head downloaded_tweets_extend_original_nolf2_NOBOT.tsv 
  579  head -n 2 downloaded_tweets_extend_original_nolf2_NOBOT.tsv 
  580  cut -f 6 downloaded_tweets_extend_original_nolf2_NOBOT.tsv | head -n 150
  581  head -n 2 downloaded_tweets_extend_original_nolf2_NOBOT.tsv 
  582  sort -k 1,1n downloaded_tweets_extend_original_nolf2_NOBOT.tsv | head -n 20
  583  sort -n -k 1,1n downloaded_tweets_extend_original_nolf2_NOBOT.tsv | head -n 20
  584  sort -k 1n downloaded_tweets_extend_original_nolf2_NOBOT.tsv | head -n 20
  585  sort -k 1n downloaded_tweets_extend_original_nolf2_NOBOT.tsv | cut -f 1, 6 | sort -k 1n > q1.tsv
  586  sort -k 1n downloaded_tweets_extend_original_nolf2_NOBOT.tsv | cut -f 1,6 | sort -k 1n > q1.tsv
  587  ls
  588  vi q1.tsv
  589  ls
  590  grep "replied_to" downloaded_tweets_extend_original_nolf2_NOBOT.tsv | sort -k 1n | cut -f 1,6 > question1.tsv
  591  ls
  592  vi question1.tsv 
  593  ls
  594  cd A2
  595  cd /home/jose/A3
  596  ls
  597  tmux attach -t homework
  598  ls
  599  cd A3
  600  ls
  601  script a3.txt
  602  ls
  603  pwd
  604  cd A3
  605  ls
  606  tmux attach -t homework
  607  ls
  608  cd A3
  609  tmux attach -t homework
  610  awk -F, 'FNR == NR { count[$2]++ }
  611  cp question1.csv backup_question1.csv
  612  ls
  613  awk -F, 'FNR == NR { count[$1]++ } FNR != NR { if (count[$1] >= 3) print }' question1.csv question1.csv
  614  awk -F, 'FNR == NR { count[$1]++ } FNR != NR { if (count[$1] >= 3) print }' question1.csv question1.csv > question2.csv
  615  vi question2.csv
  616  ls
  617  mv sorted_6_2.csv question1.csv
  618  ls
  619  vi question1.csv
  620  awk '++a[$3]==3{ print $3 }' file
  621  awk '++a[$1]==3{ print $1 }' question1.csv > question2.csv
  622  vi question2.csv
  623  sort -k 1n question1.csv | cut -f 1 | uniq -c | sort -n
  624  sort -k 1n question1.csv | cut -f 1 | uniq -c | sort -n | tail -50
  625  cut -f 1 question1.csv | uniq -c | sort -n | tail -50
  626  cut -d \, -f 1 question1.csv | uniq -c | sort -n | tail -50
  627  cut -d \, -f 1 question1.csv | sort -n | uniq -c | sort -n | tail -50
  628  cut -d \, -f 1 question1.csv | sort -n | uniq -c | sort -n | tail -100
  629  cut -d \, -f 1 question1.csv | sort -n | uniq -c | sort -n | tail -200
  630  sort -t , -k 1n question1.csv > question1.csv
  631  vi question1.csv
  632  vi sorted_6_2.csv
  633  grep "replied_to" downloaded_tweets_extend_original_nolf2_NOBOT.tsv | awk -F "\t" '{print $6 "," $2}' > grepped_field_6_2.csv
  634  sort -t , -k 1,1n grepped_field_6_2.csv > question1.csv
  635  vi question1.csv
  636  awk -F "," 'NR==FNR{a[$1]++; next} a[1]>=3' question1.csv question1.csv > question2.csv
  637  vi question2.csv
  638  awk -F "," 'NR==FNR{a[$1]++; next} a[1]==3' question1.csv question2.csv
  639  vi question2.csv 
  640  awk -F "," 'NR==FNR{a[$1]++; next} a[1]==3' question1.csv question1.csv
  641  grep "replied_to" downloaded_tweets_extend_original_nolf2_NOBOT.tsv | awk -F "\t" '{print $6 "," $2}' > grepped_field_6_2.csv
  642  sort -t , -k 1,1n grepped_field_6_2.csv > question1.csv
  643  $ awk -F "," 'NR==FNR{a[$1]++; next} a[$1]>=3' question1.csv > question2.csv
  644  $ awk 'NR==FNR{a[$1]++; next} a[$1]>=3' question1.csv > question2.cs/;q`
  645  ls
  646  awk '{print $1}' question1.csv | uniq -c | sort -t , -k 1n | awk '{ if ($1 >= 3) {print} }' > question2.csv
  647  vi question2.csv 
  648  awk '{ if ($1 >= 3) {print} }' > question2.csv
  649  awk '{ if ($1 >= 3) {print} }' question1.csv  > question2.csv
  650  vi question2.csv
  651  scrip a3.txt
  652  script a3.txt
  653  ls
  654  grep "replied_to" downloaded_tweets_extend_original_nolf2_NOBOT.tsv | sort -k 6n | awk '{ print $6 " " $2}' > q1.tsv
  655  vi q1.tsv 
  656  head -n 1 downloaded_tweets_extend_original_nolf2_NOBOT.tsv 
  657  grep "replied_to" downloaded_tweets_extend_original_nolf2_NOBOT.tsv | sort -k 6n | awk '{ print $6 "," $2}' > q1.tsv
  658  vi q1.tsv
  659  grep "replied_to" downloaded_tweets_extend_original_nolf2_NOBOT.tsv | awk '{ print $6 "," $2}' > q1.tsv
  660  vi q1.tsv
  661  ls
  662  grep "replied_to" downloaded_tweets_extend_original_nolf2_NOBOT.tsv | awk '{ print $6 "\t" $2}' > q1.tsv
  663  vi q1.tsv
  664  head downloaded_tweets_extend_original_nolf2_NOBOT.tsv 
  665  head -n 50 downloaded_tweets_extend_original_nolf2_NOBOT.tsv 
  666  head -n 2 downloaded_tweets_extend_original_nolf2_NOBOT.tsv 
  667  cut -f 6 downloaded_tweets_extend_original_nolf2_NOBOT.tsv | head -n 10
  668  awk '{ print $6 "\t" $2}' downloaded_tweets_extend_original_nolf2_NOBOT.tsv > q1.tsv
  669  vi q1.tsv
  670  awk '{ print $6 "\t" $2}' downloaded_tweets_extend_original_nolf2_NOBOT.tsv > q1.tsv
  671  vi q1.tsv
  672  awk -F "\t" '{ print $6 "," $2 }' downloaded_tweets_extend_original_nolf2_NOBOT.tsv > q1.tsv
  673  vi q1.tsv
  674  awk -F "\t" '{ print $6 "\t" $2 }' downloaded_tweets_extend_original_nolf2_NOBOT.tsv > q1.tsv
  675  q1.tsv
  676  vi q1.tsv
  677  awk -F "\t" '{ print $6 "\t" $2 }' downloaded_tweets_extend_original_nolf2_NOBOT.tsv > q1.tsv
  678  vi q1.tsv
  679  awk -F "\t" '{ print $6 }' downloaded_tweets_extend_original_nolf2_NOBOT.tsv | head -n 100
  680  grep "replied_to" downloaded_tweets_extend_original_nolf2_NOBOT.tsv | awk '{ print $6 }' | head -n 100
  681  grep "replied_to" downloaded_tweets_extend_original_nolf2_NOBOT.tsv | awk '{ print $7 }' | head -n 100
  682  grep "replied_to" downloaded_tweets_extend_original_nolf2_NOBOT.tsv | awk -F "\t" '{ print $6 } | head -n 100
  683  awk -F "\t" '{ print $6 }'  downloaded_tweets_extend_original_nolf2_NOBOT.tsv | head -n 100
  684  grep "replied_to" downloaded_tweets_extend_original_nolf2_NOBOT.tsv | awk -F "\t" '{ print $6 }' | head -n 100
  685  grep "replied_to" downloaded_tweets_extend_original_nolf2_NOBOT.tsv | awk -F "\t" '{ print $6 "," print $2 }' | head -n 100
  686  grep "replied_to" downloaded_tweets_extend_original_nolf2_NOBOT.tsv | awk -F "\t" '{ print $6 "," $2 }' | head -n 100
  687  grep "replied_to" downloaded_tweets_extend_original_nolf2_NOBOT.tsv | awk -F "\t" '{ print $6 "\t" $2 }' | head -n 100
  688  grep "replied_to" downloaded_tweets_extend_original_nolf2_NOBOT.tsv | awk -F "\t" '{ print $6 "," $2 }' > grepped_field_6_2.csv
  689  sort -k 1n grepped_field_6_2.csv > sorted_6_2.csv
  690  vi sorted_6_2.csv 
  691  ls
  692  script a3.txt
  693  grep "replied_to" downloaded_tweets_extend_original_nolf2_NOBOT.tsv | sort -k 1n | cut -f 1,6 > question1.tsv
  694  grep "replied_to" downloaded_tweets_extend_original_nolf2_NOBOT.tsv | sort -k 1n | cut -f 1,6 | uniq -c | sort -k 1n | tail -20
  695  grep "replied_to" downloaded_tweets_extend_original_nolf2_NOBOT.tsv | sort -k 1n | cut -f 1,6 | sort -k 1n | tail -20
  696  grep "replied_to" downloaded_tweets_extend_original_nolf2_NOBOT.tsv | sort -k 1n | cut -f 1 | sort -n | uniq -c | tail -20
  697  grep "replied_to" downloaded_tweets_extend_original_nolf2_NOBOT.tsv | sort -k 1n | cut -f 1 | sort -n | uniq -c |sort -n| tail -20
  698  grep "replied_to" downloaded_tweets_extend_original_nolf2_NOBOT.tsv | cut -f 1 | sort -n | uniq -c |sort -n| tail -20
  699  cut -f 1 | sort -n downloaded_tweets_extend_original_nolf2_NOBOT.tsv | uniq -c |sort -n| tail -20
  700  cut -f 1 downloaded_tweets_extend_original_nolf2_NOBOT.tsv | sort -n | uniq -c |sort -n| tail -20
  701  head -n 1 downloaded_tweets_extend_original_nolf2_NOBOT.tsv 
  702  grep "replied_to" downloaded_tweets_extend_original_nolf2_NOBOT.tsv | sort -k 2n | cut -f 2,6 > question1.tsv
  703  vi question1.tsv 
  704  cut -f 2 question1.tsv | sort -n | uniq -c | sort -n |tail -50 
  705  cut -f 2 question1.tsv | sort -n | uniq -c | sort -n | tail -100 
  706  cut -f 2 question1.tsv | sort -n | uniq -c | sort -n | tail -200 
  707  ls
  708  grep "1031000589054828544" question1.tsv 
  709  grep "1031000589054828544" question1.tsv | wc 
  710  grep "replied_to" downloaded_tweets_extend_original_nolf2_NOBOT.tsv | sort -k 2n | cut -f 6,2 > question2.tsv
  711  ls
  712  vi question2.tsv 
  713  grep "1031000589054828544" question2.tsv
  714  grep "replied_to" downloaded_tweets_extend_original_nolf2_NOBOT.tsv | sort -k 2n | cut -f 6 > question2.tsv
  715  grep "replied_to" downloaded_tweets_extend_original_nolf2_NOBOT.tsv | sort -k 2n | cut -f 2 >> question2.tsv
  716  grep "1031000589054828544" question2.tsv
  717  grep "1031000589054828544" question1.tsv | wc -l 
  718  awk '/\<1031000589054828544\>/{print NR}' question1.tsv
  719  l
  720  ls
  721  sort -k 2n question1.tsv ls| uniq -c | gawk '$1>=3{print $2}' 
  722  ls
  723  cat downloaded_tweets_extend_original_nolf2_NOBOT.tsv | sort -k 6n | cut -f 6,2 > correct_question2.tsv
  724  vi correct_question2.tsv 
  725  cat downloaded_tweets_extend_original_nolf2_NOBOT.tsv | grep "replied_to"  | sort -k 6n | cut -f 6,2 > correct_question2.tsv
  726  vi correct_question2.tsv 
  727  cat downloaded_tweets_extend_original_nolf2_NOBOT.tsv | grep "replied_to"  | sort -k 6n | cut -f 2,6 | sort -k 2n > correct_question2.tsv
  728  vi correct_question2.tsv 
  729  grep "1031000589054828544" correct_question2.tsv 
  730  grep "1031000589054828544" correct_question2.tsv | wc -l
  731  awk '/\<1031000589054828544\>/{print NR}' correct_question2.tsv 
  732  vi correct_question2.tsv 
  733  ls
  734  awk '++a[$2]>=3{ print $2 }' correct_question2.tsv > question2_3_or_more.tsv
  735  ls
  736  vi question2_3_or_more.tsv 
  737  ls
  738  rm correct_question2.tsv 
  739  rm question1.tsv 
  740  rm question2.tsv 
  741  rm question2_3_or_more.tsv 
  742  ls
  743  pwd
  744  script a3.txt
  745  ls
  746  script a3.txt
  747  ls
  748  cd A3
  749  tmux attach -t homework
  750  ls
  751  gnuplot
  752  ls
  753  cd A3
  754  ls
  755  tmux attach -t homework
  756  gnuplot
  757  echo $DISPLAY
  758  gnuplot
  759  systemctl enable --now cockpit.socket
  760  /etc/gnuplot-5.4.4/src/gnuplot
  761  ls
  762  /etc/gnuplot-5.4.4/src/gnuplot
  763  display question2.csv.svg
  764  display question2.svg
  765  cd src
  766  /etc/gnuplot-5.4.4/src/gnuplot
  767  ls
  768  cd A3
  769  ls
  770  script a3.txt
  771  ls
  772  pwd
  773  cd gnuplot-5.4.5/src/
  774  cd /home
  775  ls
  776  cd gnuplot-5.4.5/src/
  777  display question3.svg
  778  display gnuplot-5.4.4/src/1.svg
  779   cd gnuplot-5.4.4/src/1.svg
  780   cd gnuplot-5.4.4/src/
  781  cd
  782  pwd
  783  cd ..
  784  ls
  785  ls -a
  786   cd gnuplot-5.4.5/src/
  787   /etc/gnuplot-5.4.4/src/gnuplot
  788  ls -latr
  789  display filename.svg
  790   /etc/gnuplot-5.4.4/src/gnuplot
  791  ls
  792  cd A3
  793   /etc/gnuplot-5.4.4/src/gnuplot
  794  ls -latr
  795  display question3.svg
  796  script a3.txt
  797  ls -latr
  798  display q3plot.svg
  799  l
  800  ls
  801  cd A3
  802  ls
  803  cut -d \, -f 1 question1.csv | sort -n | uniq -c | sort -n | tail -100
  804  cut -d \, -f 1 question1.csv | sort -n | uniq -c | sort -n 
  805  cut -d \, -f 1 question1.csv | sort -n | uniq -c | sort -n > for_q3_plot.txt
  806  ls
  807   /etc/gnuplot-5.4.4/src/gnuplot
  808  ls -latr
  809   /etc/gnuplot-5.4.4/src/gnuplot
  810  ls -latr
  811  display correctq3plot.svg 
  812  systemctl enable --now cockpit.socket
  813  l
  814  ls -latr
  815  ls
  816  cd A3
  817  ls
  818  display q3plot.svg
  819  cd ...
  820  cd ..
  821  pwd
  822  ls
  823  display filname.svg
  824  gnuplot
  825   /etc/gnuplot-5.4.4/src/gnuplot
  826  ls -latr
  827  display 2correctq3plot.svg 
  828  ls -latr
  829  display 2correctq3plot.svg 
  830  ls
  831  cd A3
  832  ls -latr
  833  display question3.svg
  834  ls
  835  display filename.svg 
  836  ls
  837  cd A3
  838  ls
  839  ls
  840  script a3.txt
  841  display gnuplot
  842  display gnuplot-5.4.4/src/ws5/svg
  843  gnuplot
  844   /etc/gnuplot-5.4.4/src/gnuplot
  845  ls -latr
  846  display 2correctq3plot.svg
  847  ls -latr
  848  display 2correctq3plot.svg 
  849  ls
  850  cd A3
  851  ls
  852  cd A3
  853  pwd
  854  ls
  855  script a3.txt
  856  ls
  857  cd A3
  858  ls
  859  script a3.txt
  860  pwd
  861  cd ..
  862  pwd
  863  mkdir ws5
  864  cd ws5
  865  ls
  866  pwd
  867  git init
  868  script ws5.txt
  869  ls
  870  tmux new-session -s homework
  871  ls
  872  cd ws5
  873  ls
  874  script ws5.txt
  875  ls
  876  head -n 1 amazon_reviews_us_Books_v1_02.tsv 
  877  ls
  878  cut -f 2 amazon_reviews_us_Books_v1_02.tsv | sort -n | uniq -c | sort -n | cut -d \  -f 2 | tail -1000
  879  ls
  880  cut -f 2 amazon_reviews_us_Books_v1_02.tsv | sort -n | uniq -c | sort -n | tail -1000
  881  tmux attach -t homework
  882  ls
  883  cd ..
  884  ls
  885  pwd
  886  cd A1
  887  ls
  888  cd ..
  889  cd A2
  890  ls
  891  pwd
  892  cd ..
  893  pwd
  894  ls
  895  cd ws5
  896  cd ..
  897  cd ws4
  898  ls
  899  mv amazon_reviews_us_Books_v1_02.tsv ws5
  900  cd ..
  901  cd ws5
  902  ls
  903  mv amazon_reviews_us_Books_v1_02.tsv /home/jose/ws5
  904  cd /home/jose/ws2
  905  cd /home/jose/ws4
  906  mv amazon_reviews_us_Books_v1_02.tsv /home/jose/ws5
  907  ls
  908  ls -latr
  909  pwd
  910  cd ..
  911  ls
  912  cd ws4
  913  ls
  914  rm ws5
  915  ls
  916  ls -latr
  917  cd ..
  918  pwd
  919  ls
  920  cd ws5
  921  ls
  922  ls -latr
  923  cd ..
  924  ls -latr
  925  ls -R
  926  ls
  927  cd ws5
  928  ls
  929  wget    https://s3.amazonaws.com/amazon-reviews-pds/tsv/amazon_reviews_us_Books_v1_02.tsv.gz
  930  gzip -d amazon_reviews_us_Books_v1_02.tsv.gz 
  931  ls
  932  cut -f 2 amazon_reviews_us_Books_v1_02.tsv | sort -n | uniq -c| sort -n | tail -1000 > top1000_cust_ids.txt
  933  vi top1000_cust_ids.txt 
  934  fgrep -f top1000_cust_ids.txt amazon_reviews_us_Books_v1_02.tsv | sort -k 2n > top_1000_cust_id_lines.tsv
  935  vi top_1000_cust_id_lines.tsv 
  936  mv top1000_cust_ids.txt top1000_cust_ids.tsv
  937  ls
  938  fgrep -f top1000_cust_ids.tsv amazon_reviews_us_Books_v1_02.tsv | sort -k 2n > top_1000_cust_id_lines.tsv
  939  vi top_1000_cust_id_lines.tsv 
  940  ls
  941  rm top1000_cust_ids.tsv 
  942  ls
  943  cut -f 2 amazon_reviews_us_Books_v1_02.tsv | sort -n | uniq -c| sort -n | tail -1000 > top1000_cust_ids.txt
  944  cut -d /" " -f 2 top1000_cust_ids.txt > customer_IDs.tsv
  945  cut -f 2 top1000_cust_ids.txt > customer_IDs.tsv
  946  vi customer_IDs.tsv 
  947  vi top1000_cust_ids.txt 
  948  rm customer_IDs.tsv 
  949  ls
  950  rm top_1000_cust_id_lines.tsv 
  951  ls
  952  grep -f top1000_cust_ids.txt amazon_reviews_us_Books_v1_02.tsv | sort -k 2n > top_1000_cust_id_lines.tsv
  953  vi top_1000_cust_id_lines.tsv 
  954  mv top1000_cust_ids.txt top1000_cust_ids.tsv
  955  grep -f top1000_cust_ids.tsv amazon_reviews_us_Books_v1_02.tsv | sort -k 2n > top_1000_cust_id_lines.tsv
  956  ls
  957  vi top_1000_cust_id_lines.tsv 
  958  grep -f top1000_cust_ids.txt amazon_reviews_us_Books_v1_02.tsv > top_1000_cust_id_lines.tsv
  959  ls
  960  vi top1000_cust_ids.tsv 
  961  rm top1000_cust_ids.tsv 
  962  ls
  963  cut -f 2 amazon_reviews_us_Books_v1_02.tsv | sort -n | uniq -c| sort -n | tail -1000 > top1000_cust_ids.txt
  964  vi top1000_cust_ids.txt 
  965  vi top1000_cust_ids.txt
  966  ls
  967  grep -f top1000_cust_ids.txt amazon_reviews_us_Books_v1_02.tsv > top_1000_cust_id_lines.tsv
  968  vi top_1000_cust_id_lines.tsv 
  969  grep -f top1000_cust_ids.txt amazon_reviews_us_Books_v1_02.tsv | tail -250
  970  awk '{$1="";print}' top1000_cust_ids.txt  | tail -100
  971  awk '{$1="";print}' top1000_cust_ids.txt  > only_customer_ids_top1000.txt
  972  grep -f only_customer_ids_top1000.txt amazon_reviews_us_Books_v1_02.tsv | tail -250
  973  vi only_customer_ids_top1000.txt 
  974  grep -F -x -f only_customer_ids_top1000.txt amazon_reviews_us_Books_v1_02.tsv | tail -250
  975  grep -e -x -f only_customer_ids_top1000.txt amazon_reviews_us_Books_v1_02.tsv | tail -250
  976  grep -e -f only_customer_ids_top1000.txt amazon_reviews_us_Books_v1_02.tsv | tail -250
  977  grep -e -f only_customer_ids_top1000.txt amazon_reviews_us_Books_v1_02.tsv | sort -k 2n > top1000_reviews.txt
  978  vi top1000_reviews.txt 
  979  wc -l top1000_reviews.txt 
  980  for i in {0..133017};
  981  mkdir CUSTOMERS
  982  ls
  983  for i in {0..133017};
  984  ls
  985  ls
  986  cd ws5
  987  ls
  988  script ws5.txt
  989  ls
  990  tmux attach -t homework
  991  head -n top1000_cust_ids.txt 
  992  head -n 1 top1000_cust_ids.txt 
  993  head -n 1 top1000_reviews.txt 
  994  head -n 1 amazon_reviews_us_Books_v1_02.tsv 
  995  $ awk -F, '{print >> /CUSTOMERS/$2".txt"}' top1000_reviews.txt
  996  $ awk -F"\t" '{print >> /CUSTOMERS/$2".txt"}' top_1000_cust_id_lines.tsv 
  997  awk -F"\t" '{print >> /CUSTOMERS/$2".txt"}' top_1000_cust_id_lines.tsv
  998  ls
  999  cd CUSTOMERS/
 1000  ls
 1001  cd ..
 1002  head top_1000_cust_id_lines.tsv 
 1003  vi top_1000_cust_id_lines.tsv 
 1004  vi top1000_reviews.txt 
 1005  awk -F"\t" '{print >> /CUSTOMERS/$2".txt"}' top1000_reviews.txt
 1006  ls
 1007  vi 025298967.txt
 1008  mv 0* /home/jose/ws5/CUSTOMERS
 1009  ls
 1010  mv 1* /home/jose/ws5/CUSTOMERS
 1011  ls
 1012  history > cmds.log
